# JRE version: OpenJDK Runtime Environment (21.0.4) (build 21.0.4+-12508038-b607.1)
# Java VM: OpenJDK 64-Bit Server VM (21.0.4+-12508038-b607.1, mixed mode, tiered, compressed oops, compressed class ptrs, g1 gc, windows-amd64)
GC Precious Log:
 CardTable entry size: 512
 Card Set container configuration: InlinePtr #cards 5 size 8 Array Of Cards #cards 12 size 40 Howl #buckets 4 coarsen threshold 1843 Howl Bitmap #cards 512 size 80 coarsen threshold 460 Card regions per heap region 1 cards per card region 2048
 CPUs: 4 total, 4 available
 Memory: 12065M
 Large Page Support: Disabled
 NUMA Support: Disabled
 Compressed Oops: Enabled (32-bit)
 Heap Region Size: 1M
 Heap Min Capacity: 8M
 Heap Initial Capacity: 190M
 Heap Max Capacity: 2G
 Pre-touch: Disabled
 Parallel Workers: 4
 Concurrent Workers: 1
 Concurrent Refinement Workers: 4
 Periodic GC: Disabled
Heap:
 garbage-first heap   total 122880K, used 92248K [0x0000000080000000, 0x0000000100000000)
  region size 1024K, 30 young (30720K), 6 survivors (6144K)
 Metaspace       used 78393K, committed 80320K, reserved 1179648K
  class space    used 10818K, committed 11776K, reserved 1048576K
GC Heap History (20 events):
Event: 18.169 GC heap before
{Heap before GC invocations=15 (full 0):
 garbage-first heap   total 82944K, used 74890K [0x0000000080000000, 0x0000000100000000)
  region size 1024K, 39 young (39936K), 4 survivors (4096K)
 Metaspace       used 55060K, committed 56576K, reserved 1114112K
  class space    used 7500K, committed 8256K, reserved 1048576K
}
Event: 18.186 GC heap after
{Heap after GC invocations=16 (full 0):
 garbage-first heap   total 82944K, used 38248K [0x0000000080000000, 0x0000000100000000)
  region size 1024K, 3 young (3072K), 3 survivors (3072K)
 Metaspace       used 55060K, committed 56576K, reserved 1114112K
  class space    used 7500K, committed 8256K, reserved 1048576K
}
Event: 20.057 GC heap before
{Heap before GC invocations=16 (full 0):
 garbage-first heap   total 82944K, used 74088K [0x0000000080000000, 0x0000000100000000)
  region size 1024K, 38 young (38912K), 3 survivors (3072K)
 Metaspace       used 58578K, committed 60160K, reserved 1114112K
  class space    used 8030K, committed 8832K, reserved 1048576K
}
Event: 20.074 GC heap after
{Heap after GC invocations=17 (full 0):
 garbage-first heap   total 82944K, used 41535K [0x0000000080000000, 0x0000000100000000)
  region size 1024K, 5 young (5120K), 5 survivors (5120K)
 Metaspace       used 58578K, committed 60160K, reserved 1114112K
  class space    used 8030K, committed 8832K, reserved 1048576K
}
Event: 21.443 GC heap before
{Heap before GC invocations=17 (full 0):
 garbage-first heap   total 82944K, used 71231K [0x0000000080000000, 0x0000000100000000)
  region size 1024K, 35 young (35840K), 5 survivors (5120K)
 Metaspace       used 59642K, committed 61312K, reserved 1114112K
  class space    used 8152K, committed 8960K, reserved 1048576K
}
Event: 21.465 GC heap after
{Heap after GC invocations=18 (full 0):
 garbage-first heap   total 82944K, used 44778K [0x0000000080000000, 0x0000000100000000)
  region size 1024K, 4 young (4096K), 4 survivors (4096K)
 Metaspace       used 59642K, committed 61312K, reserved 1114112K
  class space    used 8152K, committed 8960K, reserved 1048576K
}
Event: 22.663 GC heap before
{Heap before GC invocations=19 (full 0):
 garbage-first heap   total 82944K, used 71402K [0x0000000080000000, 0x0000000100000000)
  region size 1024K, 31 young (31744K), 4 survivors (4096K)
 Metaspace       used 61981K, committed 63680K, reserved 1114112K
  class space    used 8554K, committed 9408K, reserved 1048576K
}
Event: 22.677 GC heap after
{Heap after GC invocations=20 (full 0):
 garbage-first heap   total 82944K, used 46256K [0x0000000080000000, 0x0000000100000000)
  region size 1024K, 3 young (3072K), 3 survivors (3072K)
 Metaspace       used 61981K, committed 63680K, reserved 1114112K
  class space    used 8554K, committed 9408K, reserved 1048576K
}
Event: 23.886 GC heap before
{Heap before GC invocations=20 (full 0):
 garbage-first heap   total 82944K, used 78000K [0x0000000080000000, 0x0000000100000000)
  region size 1024K, 30 young (30720K), 3 survivors (3072K)
 Metaspace       used 65440K, committed 67264K, reserved 1114112K
  class space    used 9061K, committed 9984K, reserved 1048576K
}
Event: 23.904 GC heap after
{Heap after GC invocations=21 (full 0):
 garbage-first heap   total 86016K, used 52083K [0x0000000080000000, 0x0000000100000000)
  region size 1024K, 3 young (3072K), 3 survivors (3072K)
 Metaspace       used 65440K, committed 67264K, reserved 1114112K
  class space    used 9061K, committed 9984K, reserved 1048576K
}
Event: 24.499 GC heap before
{Heap before GC invocations=21 (full 0):
 garbage-first heap   total 86016K, used 66419K [0x0000000080000000, 0x0000000100000000)
  region size 1024K, 18 young (18432K), 3 survivors (3072K)
 Metaspace       used 67025K, committed 68864K, reserved 1114112K
  class space    used 9282K, committed 10240K, reserved 1048576K
}
Event: 24.507 GC heap after
{Heap after GC invocations=22 (full 0):
 garbage-first heap   total 86016K, used 52790K [0x0000000080000000, 0x0000000100000000)
  region size 1024K, 1 young (1024K), 1 survivors (1024K)
 Metaspace       used 67025K, committed 68864K, reserved 1114112K
  class space    used 9282K, committed 10240K, reserved 1048576K
}
Event: 25.664 GC heap before
{Heap before GC invocations=23 (full 0):
 garbage-first heap   total 102400K, used 86582K [0x0000000080000000, 0x0000000100000000)
  region size 1024K, 26 young (26624K), 1 survivors (1024K)
 Metaspace       used 69325K, committed 71232K, reserved 1114112K
  class space    used 9610K, committed 10560K, reserved 1048576K
}
Event: 25.671 GC heap after
{Heap after GC invocations=24 (full 0):
 garbage-first heap   total 102400K, used 62591K [0x0000000080000000, 0x0000000100000000)
  region size 1024K, 3 young (3072K), 3 survivors (3072K)
 Metaspace       used 69325K, committed 71232K, reserved 1114112K
  class space    used 9610K, committed 10560K, reserved 1048576K
}
Event: 26.681 GC heap before
{Heap before GC invocations=24 (full 0):
 garbage-first heap   total 102400K, used 91263K [0x0000000080000000, 0x0000000100000000)
  region size 1024K, 31 young (31744K), 3 survivors (3072K)
 Metaspace       used 72311K, committed 74176K, reserved 1114112K
  class space    used 9983K, committed 10944K, reserved 1048576K
}
Event: 26.693 GC heap after
{Heap after GC invocations=25 (full 0):
 garbage-first heap   total 102400K, used 63964K [0x0000000080000000, 0x0000000100000000)
  region size 1024K, 4 young (4096K), 4 survivors (4096K)
 Metaspace       used 72311K, committed 74176K, reserved 1114112K
  class space    used 9983K, committed 10944K, reserved 1048576K
}
Event: 27.523 GC heap before
{Heap before GC invocations=25 (full 0):
 garbage-first heap   total 102400K, used 91612K [0x0000000080000000, 0x0000000100000000)
  region size 1024K, 31 young (31744K), 4 survivors (4096K)
 Metaspace       used 74404K, committed 76224K, reserved 1179648K
  class space    used 10255K, committed 11200K, reserved 1048576K
}
Event: 27.533 GC heap after
{Heap after GC invocations=26 (full 0):
 garbage-first heap   total 122880K, used 64780K [0x0000000080000000, 0x0000000100000000)
  region size 1024K, 3 young (3072K), 3 survivors (3072K)
 Metaspace       used 74404K, committed 76224K, reserved 1179648K
  class space    used 10255K, committed 11200K, reserved 1048576K
}
Event: 28.957 GC heap before
{Heap before GC invocations=27 (full 0):
 garbage-first heap   total 122880K, used 104716K [0x0000000080000000, 0x0000000100000000)
  region size 1024K, 42 young (43008K), 3 survivors (3072K)
 Metaspace       used 76326K, committed 78144K, reserved 1179648K
  class space    used 10523K, committed 11456K, reserved 1048576K
}
Event: 28.975 GC heap after
{Heap after GC invocations=28 (full 0):
 garbage-first heap   total 122880K, used 68696K [0x0000000080000000, 0x0000000100000000)
  region size 1024K, 6 young (6144K), 6 survivors (6144K)
 Metaspace       used 76326K, committed 78144K, reserved 1179648K
  class space    used 10523K, committed 11456K, reserved 1048576K
}

