# JRE version: OpenJDK Runtime Environment (21.0.4) (build 21.0.4+-12508038-b607.1)
# Java VM: OpenJDK 64-Bit Server VM (21.0.4+-12508038-b607.1, mixed mode, tiered, compressed oops, compressed class ptrs, g1 gc, windows-amd64)
GC Precious Log:
 CardTable entry size: 512
 Card Set container configuration: InlinePtr #cards 5 size 8 Array Of Cards #cards 12 size 40 Howl #buckets 4 coarsen threshold 1843 Howl Bitmap #cards 512 size 80 coarsen threshold 460 Card regions per heap region 1 cards per card region 2048
 CPUs: 4 total, 4 available
 Memory: 12065M
 Large Page Support: Disabled
 NUMA Support: Disabled
 Compressed Oops: Enabled (32-bit)
 Heap Region Size: 1M
 Heap Min Capacity: 8M
 Heap Initial Capacity: 190M
 Heap Max Capacity: 1G
 Pre-touch: Disabled
 Parallel Workers: 4
 Concurrent Workers: 1
 Concurrent Refinement Workers: 4
 Periodic GC: Disabled
Heap:
 garbage-first heap   total 83968K, used 62752K [0x00000000c0000000, 0x0000000100000000)
  region size 1024K, 4 young (4096K), 2 survivors (2048K)
 Metaspace       used 67185K, committed 69056K, reserved 278528K
  class space    used 9306K, committed 10240K, reserved 212992K
GC Heap History (20 events):
Event: 9.427 GC heap before
{Heap before GC invocations=12 (full 0):
 garbage-first heap   total 68608K, used 59442K [0x00000000c0000000, 0x0000000100000000)
  region size 1024K, 27 young (27648K), 3 survivors (3072K)
 Metaspace       used 47829K, committed 49152K, reserved 278528K
  class space    used 6406K, committed 7040K, reserved 212992K
}
Event: 9.430 GC heap after
{Heap after GC invocations=13 (full 0):
 garbage-first heap   total 68608K, used 35940K [0x00000000c0000000, 0x0000000100000000)
  region size 1024K, 4 young (4096K), 4 survivors (4096K)
 Metaspace       used 47829K, committed 49152K, reserved 278528K
  class space    used 6406K, committed 7040K, reserved 212992K
}
Event: 9.923 GC heap before
{Heap before GC invocations=14 (full 0):
 garbage-first heap   total 68608K, used 58468K [0x00000000c0000000, 0x0000000100000000)
  region size 1024K, 27 young (27648K), 4 survivors (4096K)
 Metaspace       used 50824K, committed 52352K, reserved 278528K
  class space    used 6908K, committed 7680K, reserved 212992K
}
Event: 9.928 GC heap after
{Heap after GC invocations=15 (full 0):
 garbage-first heap   total 68608K, used 37579K [0x00000000c0000000, 0x0000000100000000)
  region size 1024K, 4 young (4096K), 4 survivors (4096K)
 Metaspace       used 50824K, committed 52352K, reserved 278528K
  class space    used 6908K, committed 7680K, reserved 212992K
}
Event: 10.206 GC heap before
{Heap before GC invocations=15 (full 0):
 garbage-first heap   total 68608K, used 59083K [0x00000000c0000000, 0x0000000100000000)
  region size 1024K, 25 young (25600K), 4 survivors (4096K)
 Metaspace       used 51258K, committed 52736K, reserved 278528K
  class space    used 6974K, committed 7744K, reserved 212992K
}
Event: 10.210 GC heap after
{Heap after GC invocations=16 (full 0):
 garbage-first heap   total 68608K, used 37726K [0x00000000c0000000, 0x0000000100000000)
  region size 1024K, 3 young (3072K), 3 survivors (3072K)
 Metaspace       used 51258K, committed 52736K, reserved 278528K
  class space    used 6974K, committed 7744K, reserved 212992K
}
Event: 10.929 GC heap before
{Heap before GC invocations=16 (full 0):
 garbage-first heap   total 68608K, used 60254K [0x00000000c0000000, 0x0000000100000000)
  region size 1024K, 25 young (25600K), 3 survivors (3072K)
 Metaspace       used 53796K, committed 55360K, reserved 278528K
  class space    used 7416K, committed 8192K, reserved 212992K
}
Event: 10.933 GC heap after
{Heap after GC invocations=17 (full 0):
 garbage-first heap   total 82944K, used 38937K [0x00000000c0000000, 0x0000000100000000)
  region size 1024K, 4 young (4096K), 4 survivors (4096K)
 Metaspace       used 53796K, committed 55360K, reserved 278528K
  class space    used 7416K, committed 8192K, reserved 212992K
}
Event: 11.718 GC heap before
{Heap before GC invocations=18 (full 0):
 garbage-first heap   total 82944K, used 73753K [0x00000000c0000000, 0x0000000100000000)
  region size 1024K, 37 young (37888K), 4 survivors (4096K)
 Metaspace       used 58110K, committed 59712K, reserved 278528K
  class space    used 7989K, committed 8768K, reserved 212992K
}
Event: 11.724 GC heap after
{Heap after GC invocations=19 (full 0):
 garbage-first heap   total 82944K, used 40407K [0x00000000c0000000, 0x0000000100000000)
  region size 1024K, 4 young (4096K), 4 survivors (4096K)
 Metaspace       used 58110K, committed 59712K, reserved 278528K
  class space    used 7989K, committed 8768K, reserved 212992K
}
Event: 12.884 GC heap before
{Heap before GC invocations=19 (full 0):
 garbage-first heap   total 82944K, used 71127K [0x00000000c0000000, 0x0000000100000000)
  region size 1024K, 35 young (35840K), 4 survivors (4096K)
 Metaspace       used 59556K, committed 61120K, reserved 278528K
  class space    used 8160K, committed 8960K, reserved 212992K
}
Event: 12.892 GC heap after
{Heap after GC invocations=20 (full 0):
 garbage-first heap   total 82944K, used 44217K [0x00000000c0000000, 0x0000000100000000)
  region size 1024K, 5 young (5120K), 5 survivors (5120K)
 Metaspace       used 59556K, committed 61120K, reserved 278528K
  class space    used 8160K, committed 8960K, reserved 212992K
}
Event: 13.714 GC heap before
{Heap before GC invocations=20 (full 0):
 garbage-first heap   total 82944K, used 70841K [0x00000000c0000000, 0x0000000100000000)
  region size 1024K, 32 young (32768K), 5 survivors (5120K)
 Metaspace       used 61438K, committed 63168K, reserved 278528K
  class space    used 8464K, committed 9344K, reserved 212992K
}
Event: 13.721 GC heap after
{Heap after GC invocations=21 (full 0):
 garbage-first heap   total 82944K, used 47510K [0x00000000c0000000, 0x0000000100000000)
  region size 1024K, 4 young (4096K), 4 survivors (4096K)
 Metaspace       used 61438K, committed 63168K, reserved 278528K
  class space    used 8464K, committed 9344K, reserved 212992K
}
Event: 14.313 GC heap before
{Heap before GC invocations=22 (full 0):
 garbage-first heap   total 82944K, used 77206K [0x00000000c0000000, 0x0000000100000000)
  region size 1024K, 29 young (29696K), 4 survivors (4096K)
 Metaspace       used 63650K, committed 65472K, reserved 278528K
  class space    used 8853K, committed 9792K, reserved 212992K
}
Event: 14.318 GC heap after
{Heap after GC invocations=23 (full 0):
 garbage-first heap   total 83968K, used 53389K [0x00000000c0000000, 0x0000000100000000)
  region size 1024K, 2 young (2048K), 2 survivors (2048K)
 Metaspace       used 63650K, committed 65472K, reserved 278528K
  class space    used 8853K, committed 9792K, reserved 212992K
}
Event: 14.825 GC heap before
{Heap before GC invocations=23 (full 0):
 garbage-first heap   total 83968K, used 74893K [0x00000000c0000000, 0x0000000100000000)
  region size 1024K, 24 young (24576K), 2 survivors (2048K)
 Metaspace       used 67078K, committed 68864K, reserved 278528K
  class space    used 9296K, committed 10176K, reserved 212992K
}
Event: 14.829 GC heap after
{Heap after GC invocations=24 (full 0):
 garbage-first heap   total 83968K, used 53215K [0x00000000c0000000, 0x0000000100000000)
  region size 1024K, 2 young (2048K), 2 survivors (2048K)
 Metaspace       used 67078K, committed 68864K, reserved 278528K
  class space    used 9296K, committed 10176K, reserved 212992K
}
Event: 14.841 GC heap before
{Heap before GC invocations=24 (full 0):
 garbage-first heap   total 83968K, used 53215K [0x00000000c0000000, 0x0000000100000000)
  region size 1024K, 3 young (3072K), 2 survivors (2048K)
 Metaspace       used 67078K, committed 68864K, reserved 278528K
  class space    used 9296K, committed 10176K, reserved 212992K
}
Event: 14.844 GC heap after
{Heap after GC invocations=25 (full 0):
 garbage-first heap   total 83968K, used 53536K [0x00000000c0000000, 0x0000000100000000)
  region size 1024K, 2 young (2048K), 2 survivors (2048K)
 Metaspace       used 67078K, committed 68864K, reserved 278528K
  class space    used 9296K, committed 10176K, reserved 212992K
}

