# JRE version: OpenJDK Runtime Environment (21.0.4) (build 21.0.4+-12508038-b607.1)
# Java VM: OpenJDK 64-Bit Server VM (21.0.4+-12508038-b607.1, mixed mode, tiered, compressed oops, compressed class ptrs, g1 gc, windows-amd64)
GC Precious Log:
 CardTable entry size: 512
 Card Set container configuration: InlinePtr #cards 5 size 8 Array Of Cards #cards 12 size 40 Howl #buckets 4 coarsen threshold 1843 Howl Bitmap #cards 512 size 80 coarsen threshold 460 Card regions per heap region 1 cards per card region 2048
 CPUs: 4 total, 4 available
 Memory: 12065M
 Large Page Support: Disabled
 NUMA Support: Disabled
 Compressed Oops: Enabled (32-bit)
 Heap Region Size: 1M
 Heap Min Capacity: 8M
 Heap Initial Capacity: 190M
 Heap Max Capacity: 2G
 Pre-touch: Disabled
 Parallel Workers: 4
 Concurrent Workers: 1
 Concurrent Refinement Workers: 4
 Periodic GC: Disabled
Heap:
 garbage-first heap   total 125952K, used 70915K [0x0000000080000000, 0x0000000100000000)
  region size 1024K, 5 young (5120K), 3 survivors (3072K)
 Metaspace       used 79292K, committed 81152K, reserved 1179648K
  class space    used 10978K, committed 11904K, reserved 1048576K
GC Heap History (20 events):
Event: 14.027 GC heap before
{Heap before GC invocations=17 (full 0):
 garbage-first heap   total 83968K, used 73117K [0x0000000080000000, 0x0000000100000000)
  region size 1024K, 38 young (38912K), 4 survivors (4096K)
 Metaspace       used 59323K, committed 60992K, reserved 1114112K
  class space    used 8141K, committed 8960K, reserved 1048576K
}
Event: 14.039 GC heap after
{Heap after GC invocations=18 (full 0):
 garbage-first heap   total 83968K, used 43820K [0x0000000080000000, 0x0000000100000000)
  region size 1024K, 5 young (5120K), 5 survivors (5120K)
 Metaspace       used 59323K, committed 60992K, reserved 1114112K
  class space    used 8141K, committed 8960K, reserved 1048576K
}
Event: 14.826 GC heap before
{Heap before GC invocations=18 (full 0):
 garbage-first heap   total 83968K, used 72492K [0x0000000080000000, 0x0000000100000000)
  region size 1024K, 34 young (34816K), 5 survivors (5120K)
 Metaspace       used 60503K, committed 62080K, reserved 1114112K
  class space    used 8300K, committed 9088K, reserved 1048576K
}
Event: 14.835 GC heap after
{Heap after GC invocations=19 (full 0):
 garbage-first heap   total 83968K, used 46813K [0x0000000080000000, 0x0000000100000000)
  region size 1024K, 4 young (4096K), 4 survivors (4096K)
 Metaspace       used 60503K, committed 62080K, reserved 1114112K
  class space    used 8300K, committed 9088K, reserved 1048576K
}
Event: 15.680 GC heap before
{Heap before GC invocations=20 (full 0):
 garbage-first heap   total 83968K, used 73437K [0x0000000080000000, 0x0000000100000000)
  region size 1024K, 30 young (30720K), 4 survivors (4096K)
 Metaspace       used 63277K, committed 65024K, reserved 1114112K
  class space    used 8782K, committed 9664K, reserved 1048576K
}
Event: 15.686 GC heap after
{Heap after GC invocations=21 (full 0):
 garbage-first heap   total 83968K, used 48305K [0x0000000080000000, 0x0000000100000000)
  region size 1024K, 2 young (2048K), 2 survivors (2048K)
 Metaspace       used 63277K, committed 65024K, reserved 1114112K
  class space    used 8782K, committed 9664K, reserved 1048576K
}
Event: 16.583 GC heap before
{Heap before GC invocations=21 (full 0):
 garbage-first heap   total 83968K, used 78001K [0x0000000080000000, 0x0000000100000000)
  region size 1024K, 28 young (28672K), 2 survivors (2048K)
 Metaspace       used 66865K, committed 68672K, reserved 1114112K
  class space    used 9246K, committed 10176K, reserved 1048576K
}
Event: 16.589 GC heap after
{Heap after GC invocations=22 (full 0):
 garbage-first heap   total 83968K, used 52725K [0x0000000080000000, 0x0000000100000000)
  region size 1024K, 3 young (3072K), 3 survivors (3072K)
 Metaspace       used 66865K, committed 68672K, reserved 1114112K
  class space    used 9246K, committed 10176K, reserved 1048576K
}
Event: 16.630 GC heap before
{Heap before GC invocations=22 (full 0):
 garbage-first heap   total 83968K, used 54773K [0x0000000080000000, 0x0000000100000000)
  region size 1024K, 6 young (6144K), 3 survivors (3072K)
 Metaspace       used 67041K, committed 68800K, reserved 1114112K
  class space    used 9282K, committed 10176K, reserved 1048576K
}
Event: 16.635 GC heap after
{Heap after GC invocations=23 (full 0):
 garbage-first heap   total 83968K, used 53355K [0x0000000080000000, 0x0000000100000000)
  region size 1024K, 3 young (3072K), 3 survivors (3072K)
 Metaspace       used 67041K, committed 68800K, reserved 1114112K
  class space    used 9282K, committed 10176K, reserved 1048576K
}
Event: 17.133 GC heap before
{Heap before GC invocations=24 (full 0):
 garbage-first heap   total 104448K, used 82027K [0x0000000080000000, 0x0000000100000000)
  region size 1024K, 23 young (23552K), 3 survivors (3072K)
 Metaspace       used 68742K, committed 70592K, reserved 1114112K
  class space    used 9529K, committed 10432K, reserved 1048576K
}
Event: 17.137 GC heap after
{Heap after GC invocations=25 (full 0):
 garbage-first heap   total 104448K, used 62829K [0x0000000080000000, 0x0000000100000000)
  region size 1024K, 2 young (2048K), 2 survivors (2048K)
 Metaspace       used 68742K, committed 70592K, reserved 1114112K
  class space    used 9529K, committed 10432K, reserved 1048576K
}
Event: 17.544 GC heap before
{Heap before GC invocations=25 (full 0):
 garbage-first heap   total 104448K, used 90477K [0x0000000080000000, 0x0000000100000000)
  region size 1024K, 29 young (29696K), 2 survivors (2048K)
 Metaspace       used 71925K, committed 73728K, reserved 1114112K
  class space    used 9933K, committed 10816K, reserved 1048576K
}
Event: 17.552 GC heap after
{Heap after GC invocations=26 (full 0):
 garbage-first heap   total 104448K, used 63438K [0x0000000080000000, 0x0000000100000000)
  region size 1024K, 4 young (4096K), 4 survivors (4096K)
 Metaspace       used 71925K, committed 73728K, reserved 1114112K
  class space    used 9933K, committed 10816K, reserved 1048576K
}
Event: 18.007 GC heap before
{Heap before GC invocations=26 (full 0):
 garbage-first heap   total 104448K, used 90062K [0x0000000080000000, 0x0000000100000000)
  region size 1024K, 31 young (31744K), 4 survivors (4096K)
 Metaspace       used 73966K, committed 75776K, reserved 1114112K
  class space    used 10190K, committed 11072K, reserved 1048576K
}
Event: 18.012 GC heap after
{Heap after GC invocations=27 (full 0):
 garbage-first heap   total 125952K, used 64563K [0x0000000080000000, 0x0000000100000000)
  region size 1024K, 3 young (3072K), 3 survivors (3072K)
 Metaspace       used 73966K, committed 75776K, reserved 1114112K
  class space    used 10190K, committed 11072K, reserved 1048576K
}
Event: 19.111 GC heap before
{Heap before GC invocations=28 (full 0):
 garbage-first heap   total 125952K, used 103475K [0x0000000080000000, 0x0000000100000000)
  region size 1024K, 41 young (41984K), 3 survivors (3072K)
 Metaspace       used 76016K, committed 77888K, reserved 1179648K
  class space    used 10478K, committed 11392K, reserved 1048576K
}
Event: 19.120 GC heap after
{Heap after GC invocations=29 (full 0):
 garbage-first heap   total 125952K, used 68257K [0x0000000080000000, 0x0000000100000000)
  region size 1024K, 6 young (6144K), 6 survivors (6144K)
 Metaspace       used 76016K, committed 77888K, reserved 1179648K
  class space    used 10478K, committed 11392K, reserved 1048576K
}
Event: 20.186 GC heap before
{Heap before GC invocations=29 (full 0):
 garbage-first heap   total 125952K, used 107169K [0x0000000080000000, 0x0000000100000000)
  region size 1024K, 44 young (45056K), 6 survivors (6144K)
 Metaspace       used 79001K, committed 80896K, reserved 1179648K
  class space    used 10927K, committed 11840K, reserved 1048576K
}
Event: 20.198 GC heap after
{Heap after GC invocations=30 (full 0):
 garbage-first heap   total 125952K, used 69891K [0x0000000080000000, 0x0000000100000000)
  region size 1024K, 3 young (3072K), 3 survivors (3072K)
 Metaspace       used 79001K, committed 80896K, reserved 1179648K
  class space    used 10927K, committed 11840K, reserved 1048576K
}

